<?xml version="1.0" encoding="UTF-8"?>
<Site BuildName="Darwin-g++"
	BuildStamp="20230630-0521-Experimental"
	Name="Yins-MacBook-Pro.local"
	Generator="ctest-3.26.4"
	CompilerName="/usr/bin/g++"
	CompilerVersion="14.0.0.14000029"
	OSName="macOS"
	Hostname="Yins-MacBook-Pro.local"
	OSRelease="12.5"
	OSVersion="21G72"
	OSPlatform="arm64"
	Is64Bits="1"
	VendorString="IBM"
	VendorID="IBM"
	FamilyID="16777228"
	ModelID="2"
	ProcessorCacheSize="131072"
	NumberOfLogicalCPU="8"
	NumberOfPhysicalCPU="8"
	TotalVirtualMemory="0"
	TotalPhysicalMemory="8192"
	LogicalProcessorsPerPhysical="8"
	ProcessorClockFrequency="0"
	>
	<Testing>
		<StartDateTime>Jun 30 15:26 +08</StartDateTime>
		<StartTestTime>1688109978</StartTestTime>
		<TestList/>
		<EndDateTime>Jun 30 15:26 +08</EndDateTime>
		<EndTestTime>1688109978</EndTestTime>
		<ElapsedMinutes>0</ElapsedMinutes>
	</Testing>
</Site>
